<?xml version="1.0" encoding="UTF-8"?>
<!-- Generated by org.testng.reporters.JUnitReportReporter -->
<testsuite skipped="0" hostname="LAPTOP-R382E5GJ" name="caltest.com.Caltest" tests="4" failures="0" timestamp="27 May 2021 08:56:00 GMT" time="10.986" errors="0">
  <testcase name="add" time="3.003" classname="caltest.com.Caltest"/>
  <testcase name="sub" time="3.020" classname="caltest.com.Caltest"/>
  <testcase name="multiplication" time="2.392" classname="caltest.com.Caltest"/>
  <testcase name="div" time="2.571" classname="caltest.com.Caltest"/>
</testsuite> <!-- caltest.com.Caltest -->
